----------

Mon Jun 07 2021 22:54:07 GMT-0500 (Central Daylight Time)

'C:\Users\amer_\OneDrive' is not recognized as an internal or external command,
operable program or batch file.


----------

Mon Jun 07 2021 23:04:41 GMT-0500 (Central Daylight Time)

'C:\Users\amer_\OneDrive' is not recognized as an internal or external command,
operable program or batch file.


----------

Mon Jun 07 2021 23:46:47 GMT-0500 (Central Daylight Time)

'C:\Users\amer_\OneDrive' is not recognized as an internal or external command,
operable program or batch file.


----------

Mon Jun 07 2021 23:53:52 GMT-0500 (Central Daylight Time)

'C:\Users\amer_\OneDrive' is not recognized as an internal or external command,
operable program or batch file.


----------

Mon Jun 07 2021 23:53:56 GMT-0500 (Central Daylight Time)

'C:\Users\amer_\OneDrive' is not recognized as an internal or external command,
operable program or batch file.


----------

Tue Jun 08 2021 00:48:57 GMT-0500 (Central Daylight Time)

'C:\Users\amer_\OneDrive' is not recognized as an internal or external command,
operable program or batch file.


----------

Tue Jun 08 2021 00:49:18 GMT-0500 (Central Daylight Time)

'C:\Users\amer_\OneDrive' is not recognized as an internal or external command,
operable program or batch file.


